<?xml version="1.0" encoding="UTF-8"?>
<testsuite xmlns:xsi="http://www.w3.org/2001/XMLSchema-instance" xsi:noNamespaceSchemaLocation="https://maven.apache.org/surefire/maven-surefire-plugin/xsd/surefire-test-report-3.0.xsd" version="3.0" name="com.underroot.latexserver.model.DocumentManagerTest" time="0.182" tests="3" errors="0" skipped="0" failures="0">
  <properties>
    <property name="java.specification.version" value="25"/>
    <property name="sun.cpu.isalist" value="amd64"/>
    <property name="sun.jnu.encoding" value="Cp1252"/>
    <property name="java.class.path" value="C:\Users\caleb\Desktop\Trabalho de redes\underroot\server\target\test-classes;C:\Users\caleb\Desktop\Trabalho de redes\underroot\server\target\classes;C:\Users\caleb\Desktop\Trabalho de redes\underroot\common\target\common-1.0-SNAPSHOT.jar;C:\Users\caleb\.m2\repository\org\bitbucket\cowwoc\diff-match-patch\1.1\diff-match-patch-1.1.jar;C:\Users\caleb\.m2\repository\com\google\code\gson\gson\2.10.1\gson-2.10.1.jar;C:\Users\caleb\.m2\repository\org\junit\jupiter\junit-jupiter-api\5.10.2\junit-jupiter-api-5.10.2.jar;C:\Users\caleb\.m2\repository\org\opentest4j\opentest4j\1.3.0\opentest4j-1.3.0.jar;C:\Users\caleb\.m2\repository\org\junit\platform\junit-platform-commons\1.10.2\junit-platform-commons-1.10.2.jar;C:\Users\caleb\.m2\repository\org\apiguardian\apiguardian-api\1.1.2\apiguardian-api-1.1.2.jar;C:\Users\caleb\.m2\repository\org\junit\jupiter\junit-jupiter-engine\5.10.2\junit-jupiter-engine-5.10.2.jar;C:\Users\caleb\.m2\repository\org\junit\platform\junit-platform-engine\1.10.2\junit-platform-engine-1.10.2.jar;"/>
    <property name="java.vm.vendor" value="Oracle Corporation"/>
    <property name="sun.arch.data.model" value="64"/>
    <property name="user.variant" value=""/>
    <property name="java.vendor.url" value="https://java.oracle.com/"/>
    <property name="user.timezone" value="America/Sao_Paulo"/>
    <property name="os.name" value="Windows 11"/>
    <property name="java.vm.specification.version" value="25"/>
    <property name="sun.java.launcher" value="SUN_STANDARD"/>
    <property name="user.country" value="BR"/>
    <property name="sun.boot.library.path" value="C:\Program Files\Java\jdk-25\bin"/>
    <property name="sun.java.command" value="C:\Users\caleb\AppData\Local\Temp\surefire18366123951702486444\surefirebooter-20251020000717312_3.jar C:\Users\caleb\AppData\Local\Temp\surefire18366123951702486444 2025-10-20T00-07-13_917-jvmRun1 surefire-20251020000717312_1tmp surefire_0-20251020000717312_2tmp"/>
    <property name="jdk.debug" value="release"/>
    <property name="surefire.test.class.path" value="C:\Users\caleb\Desktop\Trabalho de redes\underroot\server\target\test-classes;C:\Users\caleb\Desktop\Trabalho de redes\underroot\server\target\classes;C:\Users\caleb\Desktop\Trabalho de redes\underroot\common\target\common-1.0-SNAPSHOT.jar;C:\Users\caleb\.m2\repository\org\bitbucket\cowwoc\diff-match-patch\1.1\diff-match-patch-1.1.jar;C:\Users\caleb\.m2\repository\com\google\code\gson\gson\2.10.1\gson-2.10.1.jar;C:\Users\caleb\.m2\repository\org\junit\jupiter\junit-jupiter-api\5.10.2\junit-jupiter-api-5.10.2.jar;C:\Users\caleb\.m2\repository\org\opentest4j\opentest4j\1.3.0\opentest4j-1.3.0.jar;C:\Users\caleb\.m2\repository\org\junit\platform\junit-platform-commons\1.10.2\junit-platform-commons-1.10.2.jar;C:\Users\caleb\.m2\repository\org\apiguardian\apiguardian-api\1.1.2\apiguardian-api-1.1.2.jar;C:\Users\caleb\.m2\repository\org\junit\jupiter\junit-jupiter-engine\5.10.2\junit-jupiter-engine-5.10.2.jar;C:\Users\caleb\.m2\repository\org\junit\platform\junit-platform-engine\1.10.2\junit-platform-engine-1.10.2.jar;"/>
    <property name="sun.cpu.endian" value="little"/>
    <property name="user.home" value="C:\Users\caleb"/>
    <property name="user.language" value="pt"/>
    <property name="java.specification.vendor" value="Oracle Corporation"/>
    <property name="java.version.date" value="2025-09-16"/>
    <property name="java.home" value="C:\Program Files\Java\jdk-25"/>
    <property name="file.separator" value="\"/>
    <property name="basedir" value="C:\Users\caleb\Desktop\Trabalho de redes\underroot\server"/>
    <property name="java.vm.compressedOopsMode" value="Zero based"/>
    <property name="line.separator" value="&#10;"/>
    <property name="java.vm.specification.vendor" value="Oracle Corporation"/>
    <property name="java.specification.name" value="Java Platform API Specification"/>
    <property name="surefire.real.class.path" value="C:\Users\caleb\AppData\Local\Temp\surefire18366123951702486444\surefirebooter-20251020000717312_3.jar"/>
    <property name="user.script" value=""/>
    <property name="sun.management.compiler" value="HotSpot 64-Bit Tiered Compilers"/>
    <property name="java.runtime.version" value="25+37-LTS-3491"/>
    <property name="user.name" value="caleb"/>
    <property name="stdout.encoding" value="Cp1252"/>
    <property name="path.separator" value=";"/>
    <property name="os.version" value="10.0"/>
    <property name="java.runtime.name" value="Java(TM) SE Runtime Environment"/>
    <property name="file.encoding" value="UTF-8"/>
    <property name="java.vm.name" value="Java HotSpot(TM) 64-Bit Server VM"/>
    <property name="localRepository" value="C:\Users\caleb\.m2\repository"/>
    <property name="java.vendor.url.bug" value="https://bugreport.java.com/bugreport/"/>
    <property name="java.io.tmpdir" value="C:\Users\caleb\AppData\Local\Temp\"/>
    <property name="java.version" value="25"/>
    <property name="user.dir" value="C:\Users\caleb\Desktop\Trabalho de redes\underroot\server"/>
    <property name="os.arch" value="amd64"/>
    <property name="java.vm.specification.name" value="Java Virtual Machine Specification"/>
    <property name="sun.os.patch.level" value=""/>
    <property name="native.encoding" value="Cp1252"/>
    <property name="java.library.path" value="C:\Program Files\Java\jdk-25\bin;C:\WINDOWS\Sun\Java\bin;C:\WINDOWS\system32;C:\WINDOWS;C:\Program Files\Common Files\Oracle\Java\javapath;C:\Program Files (x86)\Common Files\Oracle\Java\java8path;C:\Program Files (x86)\Common Files\Oracle\Java\javapath;C:\WINDOWS\system32;C:\WINDOWS;C:\WINDOWS\System32\Wbem;C:\WINDOWS\System32\WindowsPowerShell\v1.0\;C:\WINDOWS\System32\OpenSSH\;C:\MinGW\bin;C:\Program Files\Git\cmd;C:\Program Files\Java\jdk-21\bin;C:\Program Files\apache-maven-3.9.11\bin;C:\Program Files\MySQL\MySQL Shell 8.0\bin\;C:\Users\caleb\AppData\Local\Programs\Python\Python312\Scripts\;C:\Users\caleb\AppData\Local\Programs\Python\Python312\;C:\Users\caleb\AppData\Local\Microsoft\WindowsApps;C:\Users\caleb\AppData\Local\Programs\Microsoft VS Code\bin;C:\MinGW\bin\gcc;D:\Program Files\JetBrains\IntelliJ IDEA Community Edition 2025.1.2\bin;;C:\Program Files\apache-maven-3.9.11\bin;;."/>
    <property name="java.vm.info" value="mixed mode, sharing"/>
    <property name="stderr.encoding" value="Cp1252"/>
    <property name="java.vendor" value="Oracle Corporation"/>
    <property name="java.vm.version" value="25+37-LTS-3491"/>
    <property name="stdin.encoding" value="Cp1252"/>
    <property name="sun.io.unicode.encoding" value="UnicodeLittle"/>
    <property name="java.class.version" value="69.0"/>
  </properties>
  <testcase name="getOrCreateDocument_ShouldReturnExistingDocument_WhenItExists" classname="com.underroot.latexserver.model.DocumentManagerTest" time="0.085"/>
  <testcase name="getOrCreateDocument_ShouldCreateNewDocument_WhenItDoesNotExist" classname="com.underroot.latexserver.model.DocumentManagerTest" time="0.015"/>
  <testcase name="getDocument_ShouldReturnNull_ForNonExistentDocument" classname="com.underroot.latexserver.model.DocumentManagerTest" time="0.005"/>
</testsuite>