<?xml version="1.0" encoding="UTF-8"?>
<testsuite xmlns:xsi="http://www.w3.org/2001/XMLSchema-instance" xsi:noNamespaceSchemaLocation="https://maven.apache.org/surefire/maven-surefire-plugin/xsd/surefire-test-report-3.0.xsd" version="3.0" name="com.underroot.latexserver.model.DocumentManagerTest" time="0.054" tests="3" errors="0" skipped="0" failures="0">
  <properties>
    <property name="java.specification.version" value="21"/>
    <property name="sun.cpu.isalist" value="amd64"/>
    <property name="sun.jnu.encoding" value="Cp1252"/>
    <property name="java.class.path" value="C:\Users\Cliente\Desktop\USP\underroot\server\target\test-classes;C:\Users\Cliente\Desktop\USP\underroot\server\target\classes;C:\Users\Cliente\Desktop\USP\underroot\common\target\common-1.0-SNAPSHOT.jar;C:\Users\Cliente\.m2\repository\org\bitbucket\cowwoc\diff-match-patch\1.1\diff-match-patch-1.1.jar;C:\Users\Cliente\.m2\repository\com\google\code\gson\gson\2.10.1\gson-2.10.1.jar;C:\Users\Cliente\.m2\repository\org\junit\jupiter\junit-jupiter-api\5.10.2\junit-jupiter-api-5.10.2.jar;C:\Users\Cliente\.m2\repository\org\opentest4j\opentest4j\1.3.0\opentest4j-1.3.0.jar;C:\Users\Cliente\.m2\repository\org\junit\platform\junit-platform-commons\1.10.2\junit-platform-commons-1.10.2.jar;C:\Users\Cliente\.m2\repository\org\apiguardian\apiguardian-api\1.1.2\apiguardian-api-1.1.2.jar;C:\Users\Cliente\.m2\repository\org\junit\jupiter\junit-jupiter-engine\5.10.2\junit-jupiter-engine-5.10.2.jar;C:\Users\Cliente\.m2\repository\org\junit\platform\junit-platform-engine\1.10.2\junit-platform-engine-1.10.2.jar;"/>
    <property name="java.vm.vendor" value="Oracle Corporation"/>
    <property name="sun.arch.data.model" value="64"/>
    <property name="user.variant" value=""/>
    <property name="java.vendor.url" value="https://java.oracle.com/"/>
    <property name="user.timezone" value="America/Sao_Paulo"/>
    <property name="os.name" value="Windows 10"/>
    <property name="java.vm.specification.version" value="21"/>
    <property name="sun.java.launcher" value="SUN_STANDARD"/>
    <property name="user.country" value="BR"/>
    <property name="sun.boot.library.path" value="C:\Program Files\Java\jdk-21\bin"/>
    <property name="sun.java.command" value="C:\Users\Cliente\AppData\Local\Temp\surefire15833577041526434393\surefirebooter-20251018184126521_3.jar C:\Users\Cliente\AppData\Local\Temp\surefire15833577041526434393 2025-10-18T18-41-25_404-jvmRun1 surefire-20251018184126521_1tmp surefire_0-20251018184126521_2tmp"/>
    <property name="jdk.debug" value="release"/>
    <property name="surefire.test.class.path" value="C:\Users\Cliente\Desktop\USP\underroot\server\target\test-classes;C:\Users\Cliente\Desktop\USP\underroot\server\target\classes;C:\Users\Cliente\Desktop\USP\underroot\common\target\common-1.0-SNAPSHOT.jar;C:\Users\Cliente\.m2\repository\org\bitbucket\cowwoc\diff-match-patch\1.1\diff-match-patch-1.1.jar;C:\Users\Cliente\.m2\repository\com\google\code\gson\gson\2.10.1\gson-2.10.1.jar;C:\Users\Cliente\.m2\repository\org\junit\jupiter\junit-jupiter-api\5.10.2\junit-jupiter-api-5.10.2.jar;C:\Users\Cliente\.m2\repository\org\opentest4j\opentest4j\1.3.0\opentest4j-1.3.0.jar;C:\Users\Cliente\.m2\repository\org\junit\platform\junit-platform-commons\1.10.2\junit-platform-commons-1.10.2.jar;C:\Users\Cliente\.m2\repository\org\apiguardian\apiguardian-api\1.1.2\apiguardian-api-1.1.2.jar;C:\Users\Cliente\.m2\repository\org\junit\jupiter\junit-jupiter-engine\5.10.2\junit-jupiter-engine-5.10.2.jar;C:\Users\Cliente\.m2\repository\org\junit\platform\junit-platform-engine\1.10.2\junit-platform-engine-1.10.2.jar;"/>
    <property name="sun.cpu.endian" value="little"/>
    <property name="user.home" value="C:\Users\Cliente"/>
    <property name="user.language" value="pt"/>
    <property name="java.specification.vendor" value="Oracle Corporation"/>
    <property name="java.version.date" value="2024-10-15"/>
    <property name="java.home" value="C:\Program Files\Java\jdk-21"/>
    <property name="file.separator" value="\"/>
    <property name="basedir" value="C:\Users\Cliente\Desktop\USP\underroot\server"/>
    <property name="java.vm.compressedOopsMode" value="Zero based"/>
    <property name="line.separator" value="&#10;"/>
    <property name="java.vm.specification.vendor" value="Oracle Corporation"/>
    <property name="java.specification.name" value="Java Platform API Specification"/>
    <property name="surefire.real.class.path" value="C:\Users\Cliente\AppData\Local\Temp\surefire15833577041526434393\surefirebooter-20251018184126521_3.jar"/>
    <property name="user.script" value=""/>
    <property name="sun.management.compiler" value="HotSpot 64-Bit Tiered Compilers"/>
    <property name="java.runtime.version" value="21.0.5+9-LTS-239"/>
    <property name="user.name" value="Eu"/>
    <property name="stdout.encoding" value="Cp1252"/>
    <property name="path.separator" value=";"/>
    <property name="os.version" value="10.0"/>
    <property name="java.runtime.name" value="Java(TM) SE Runtime Environment"/>
    <property name="file.encoding" value="UTF-8"/>
    <property name="java.vm.name" value="Java HotSpot(TM) 64-Bit Server VM"/>
    <property name="localRepository" value="C:\Users\Cliente\.m2\repository"/>
    <property name="java.vendor.url.bug" value="https://bugreport.java.com/bugreport/"/>
    <property name="java.io.tmpdir" value="C:\Users\Cliente\AppData\Local\Temp\"/>
    <property name="java.version" value="21.0.5"/>
    <property name="user.dir" value="C:\Users\Cliente\Desktop\USP\underroot\server"/>
    <property name="os.arch" value="amd64"/>
    <property name="java.vm.specification.name" value="Java Virtual Machine Specification"/>
    <property name="sun.os.patch.level" value=""/>
    <property name="native.encoding" value="Cp1252"/>
    <property name="java.library.path" value="C:\Program Files\Java\jdk-21\bin;C:\WINDOWS\Sun\Java\bin;C:\WINDOWS\system32;C:\WINDOWS;C:\Program Files\Common Files\Oracle\Java\javapath;C:\Users\Cliente\AppData\Local\Programs\Python\Python311\Scripts\;C:\Users\Cliente\AppData\Local\Programs\Python\Python311;C:\Program Files (x86)\Common Files\Oracle\Java\javapath;C:\Windows\System32;C:\Windows;C:\Windows\System32\wbem;C:\Windows\System32\WindowsPowerShell\v1.0\;C:\Windows\System32\OpenSSH\;C:\Users\Cliente\AppData\Roaming\Python\Python37\Scripts;C:\PROGRA~1\Java\JDK18~1.0_2\bin;C:\Program Files\poppler-0.68.0\bin;C:\MinGW\bin;E:\Git\cmd;E:\Git\git-cmd.exe;E:\Git\git-bash.exe;C:\ffmpeg\bin;C:\Program Files\Docker\Docker\resources\bin;C:\Program Files (x86)\NVIDIA Corporation\PhysX\Common;D:\Git\cmd;c:\Users\Cliente\AppData\Local\Programs\cursor\resources\app\bin;C:\Program Files\nodejs\;C:\ProgramData\chocolatey\bin;C:\Strawberry\c\bin;C:\Strawberry\perl\site\bin;C:\Strawberry\perl\bin;C:\Program Files\Git LFS;C:\Program Files\apache-maven-3.9.11\bin;C:\Users\Cliente\AppData\Local\Programs\Python\Python311\Scripts\;C:\Users\Cliente\AppData\Local\Programs\Python\Python311\;C:\Program Files\MySQL\MySQL Shell 8.0\bin\;C:\Users\Cliente\AppData\Local\Microsoft\WindowsApps;D:\Microsoft VS Code\bin;C:\PROGRA~1\Java\JDK18~1.0_2\bin;C:\Program Files\poppler-0.68.0\bin;C:\MinGW\bin;C:\ffmpeg\bin;C:\Users\Cliente\AppData\Local\Programs\Julia-1.9.2\bin;C:\Users\Cliente\go\bin;C:\Users\Cliente\AppData\Local\Programs\cursor\resources\app\bin;C:\Users\Cliente\AppData\Roaming\npm;C:\Program Files\PostgreSQL\17\bin;C:\Program Files\PostgreSQL\17\lib;C:\Users\Cliente\AppData\Local\Programs\MiKTeX\miktex\bin\x64\;C:\Strawberry\perl\bin;C:\Program Files\apache-maven-3.9.11\bin;;c:\Users\Cliente\AppData\Roaming\Code\User\globalStorage\github.copilot-chat\debugCommand;."/>
    <property name="java.vm.info" value="mixed mode, sharing"/>
    <property name="stderr.encoding" value="Cp1252"/>
    <property name="java.vendor" value="Oracle Corporation"/>
    <property name="java.vm.version" value="21.0.5+9-LTS-239"/>
    <property name="sun.io.unicode.encoding" value="UnicodeLittle"/>
    <property name="java.class.version" value="65.0"/>
  </properties>
  <testcase name="getOrCreateDocument_ShouldReturnExistingDocument_WhenItExists" classname="com.underroot.latexserver.model.DocumentManagerTest" time="0.024"/>
  <testcase name="getOrCreateDocument_ShouldCreateNewDocument_WhenItDoesNotExist" classname="com.underroot.latexserver.model.DocumentManagerTest" time="0.003"/>
  <testcase name="getDocument_ShouldReturnNull_ForNonExistentDocument" classname="com.underroot.latexserver.model.DocumentManagerTest" time="0.001"/>
</testsuite>